2022-08-11 11:32:55,481 [Worker-2: Loading available Gradle versions] INFO  o.e.b.c.i.u.g.PublishedGradleVersions - Gradle version information cache is up-to-date. Trying to read.
2022-08-11 14:12:38,321 [Worker-4: Loading available Gradle versions] INFO  o.e.b.c.i.u.g.PublishedGradleVersions - Gradle version information cache is up-to-date. Trying to read.
2022-08-11 16:31:27,355 [Worker-1: Loading available Gradle versions] INFO  o.e.b.c.i.u.g.PublishedGradleVersions - Gradle version information cache is up-to-date. Trying to read.
2022-08-11 17:04:47,201 [Worker-6: Loading available Gradle versions] INFO  o.e.b.c.i.u.g.PublishedGradleVersions - Gradle version information cache is up-to-date. Trying to read.
2022-08-12 09:30:11,372 [Worker-0: Loading available Gradle versions] INFO  o.e.b.c.i.u.g.PublishedGradleVersions - Gradle version information cache is up-to-date. Trying to read.
2022-08-12 09:39:14,099 [Worker-5: Loading available Gradle versions] INFO  o.e.b.c.i.u.g.PublishedGradleVersions - Gradle version information cache is up-to-date. Trying to read.
2022-08-12 10:32:09,222 [Worker-0: Loading available Gradle versions] INFO  o.e.b.c.i.u.g.PublishedGradleVersions - Gradle version information cache is up-to-date. Trying to read.
2022-08-12 10:42:26,041 [Worker-1: Loading available Gradle versions] INFO  o.e.b.c.i.u.g.PublishedGradleVersions - Gradle version information cache is up-to-date. Trying to read.
2022-08-12 11:20:39,067 [Worker-1: Loading available Gradle versions] INFO  o.e.b.c.i.u.g.PublishedGradleVersions - Gradle version information cache is up-to-date. Trying to read.
2022-08-12 11:28:57,994 [Worker-4: Loading available Gradle versions] INFO  o.e.b.c.i.u.g.PublishedGradleVersions - Gradle version information cache is up-to-date. Trying to read.
2022-08-12 13:11:32,665 [Worker-1: Loading available Gradle versions] INFO  o.e.b.c.i.u.g.PublishedGradleVersions - Gradle version information cache is up-to-date. Trying to read.
2022-08-17 09:39:10,127 [Worker-3: Loading available Gradle versions] INFO  o.e.b.c.i.u.g.PublishedGradleVersions - Gradle version information cache is out-of-date. Trying to update.
2022-08-17 09:45:43,001 [Worker-6: Loading available Gradle versions] INFO  o.e.b.c.i.u.g.PublishedGradleVersions - Gradle version information cache is up-to-date. Trying to read.
2022-08-18 09:15:19,801 [Worker-5: Loading available Gradle versions] INFO  o.e.b.c.i.u.g.PublishedGradleVersions - Gradle version information cache is up-to-date. Trying to read.
2022-08-18 13:31:44,199 [Worker-2: Loading available Gradle versions] INFO  o.e.b.c.i.u.g.PublishedGradleVersions - Gradle version information cache is out-of-date. Trying to update.
2022-08-18 13:41:32,935 [Worker-3: Loading available Gradle versions] INFO  o.e.b.c.i.u.g.PublishedGradleVersions - Gradle version information cache is up-to-date. Trying to read.
2022-08-18 13:56:47,056 [Worker-1: Loading available Gradle versions] INFO  o.e.b.c.i.u.g.PublishedGradleVersions - Gradle version information cache is up-to-date. Trying to read.
2022-08-18 18:06:50,146 [Worker-2: Loading available Gradle versions] INFO  o.e.b.c.i.u.g.PublishedGradleVersions - Gradle version information cache is up-to-date. Trying to read.
2022-08-19 09:26:37,920 [Worker-5: Loading available Gradle versions] INFO  o.e.b.c.i.u.g.PublishedGradleVersions - Gradle version information cache is up-to-date. Trying to read.
2022-08-19 11:37:26,052 [Worker-5: Loading available Gradle versions] INFO  o.e.b.c.i.u.g.PublishedGradleVersions - Gradle version information cache is up-to-date. Trying to read.
2022-08-19 14:14:58,417 [Worker-3: Loading available Gradle versions] INFO  o.e.b.c.i.u.g.PublishedGradleVersions - Gradle version information cache is out-of-date. Trying to update.
2022-08-19 15:00:43,410 [Worker-1: Loading available Gradle versions] INFO  o.e.b.c.i.u.g.PublishedGradleVersions - Gradle version information cache is up-to-date. Trying to read.
2022-08-19 15:04:48,526 [Worker-2: Loading available Gradle versions] INFO  o.e.b.c.i.u.g.PublishedGradleVersions - Gradle version information cache is up-to-date. Trying to read.
2022-08-19 15:13:27,011 [Worker-4: Loading available Gradle versions] INFO  o.e.b.c.i.u.g.PublishedGradleVersions - Gradle version information cache is up-to-date. Trying to read.
2022-08-19 15:21:10,062 [Worker-1: Loading available Gradle versions] INFO  o.e.b.c.i.u.g.PublishedGradleVersions - Gradle version information cache is up-to-date. Trying to read.
2022-08-19 15:25:53,936 [Worker-2: Loading available Gradle versions] INFO  o.e.b.c.i.u.g.PublishedGradleVersions - Gradle version information cache is up-to-date. Trying to read.
2022-08-22 09:19:06,951 [Worker-1: Loading available Gradle versions] INFO  o.e.b.c.i.u.g.PublishedGradleVersions - Gradle version information cache is out-of-date. Trying to update.
2022-08-22 16:40:54,148 [Worker-1: Loading available Gradle versions] INFO  o.e.b.c.i.u.g.PublishedGradleVersions - Gradle version information cache is up-to-date. Trying to read.
2022-08-22 18:11:39,327 [Worker-0: Loading available Gradle versions] INFO  o.e.b.c.i.u.g.PublishedGradleVersions - Gradle version information cache is up-to-date. Trying to read.
2022-08-23 09:05:33,105 [Worker-0: Loading available Gradle versions] INFO  o.e.b.c.i.u.g.PublishedGradleVersions - Gradle version information cache is up-to-date. Trying to read.
2022-08-23 16:24:12,764 [Worker-4: Loading available Gradle versions] INFO  o.e.b.c.i.u.g.PublishedGradleVersions - Gradle version information cache is up-to-date. Trying to read.
2022-08-23 17:35:54,931 [Worker-0: Loading available Gradle versions] INFO  o.e.b.c.i.u.g.PublishedGradleVersions - Gradle version information cache is up-to-date. Trying to read.
2022-08-24 09:23:09,595 [Worker-3: Loading available Gradle versions] INFO  o.e.b.c.i.u.g.PublishedGradleVersions - Gradle version information cache is up-to-date. Trying to read.
2022-08-24 12:14:18,297 [Worker-1: Loading available Gradle versions] INFO  o.e.b.c.i.u.g.PublishedGradleVersions - Gradle version information cache is up-to-date. Trying to read.
2022-08-24 17:49:16,901 [Worker-6: Loading available Gradle versions] INFO  o.e.b.c.i.u.g.PublishedGradleVersions - Gradle version information cache is out-of-date. Trying to update.
2022-08-25 09:17:31,351 [Worker-0: Loading available Gradle versions] INFO  o.e.b.c.i.u.g.PublishedGradleVersions - Gradle version information cache is up-to-date. Trying to read.
2022-08-25 14:47:01,091 [Worker-1: Loading available Gradle versions] INFO  o.e.b.c.i.u.g.PublishedGradleVersions - Gradle version information cache is up-to-date. Trying to read.
2022-08-25 15:42:30,025 [Worker-3: Loading available Gradle versions] INFO  o.e.b.c.i.u.g.PublishedGradleVersions - Gradle version information cache is up-to-date. Trying to read.
2022-08-25 16:06:32,333 [Worker-3: Loading available Gradle versions] INFO  o.e.b.c.i.u.g.PublishedGradleVersions - Gradle version information cache is up-to-date. Trying to read.
2022-08-25 16:52:15,526 [Worker-3: Loading available Gradle versions] INFO  o.e.b.c.i.u.g.PublishedGradleVersions - Gradle version information cache is up-to-date. Trying to read.
2022-08-25 17:50:26,320 [Worker-2: Loading available Gradle versions] INFO  o.e.b.c.i.u.g.PublishedGradleVersions - Gradle version information cache is out-of-date. Trying to update.
2022-08-26 09:23:30,684 [Worker-2: Loading available Gradle versions] INFO  o.e.b.c.i.u.g.PublishedGradleVersions - Gradle version information cache is up-to-date. Trying to read.
2022-08-26 12:46:32,268 [Worker-3: Loading available Gradle versions] INFO  o.e.b.c.i.u.g.PublishedGradleVersions - Gradle version information cache is up-to-date. Trying to read.
2022-08-26 14:58:41,178 [Worker-3: Loading available Gradle versions] INFO  o.e.b.c.i.u.g.PublishedGradleVersions - Gradle version information cache is up-to-date. Trying to read.
2022-09-01 10:52:15,243 [Worker-3: Loading available Gradle versions] INFO  o.e.b.c.i.u.g.PublishedGradleVersions - Gradle version information cache is up-to-date. Trying to read.
2022-09-01 12:01:14,215 [Worker-1: Loading available Gradle versions] INFO  o.e.b.c.i.u.g.PublishedGradleVersions - Gradle version information cache is up-to-date. Trying to read.
2022-09-01 12:07:59,155 [Worker-29: Building] INFO  o.e.m.c.i.l.LifecycleMappingFactory - Using org.eclipse.m2e.jdt.JarLifecycleMapping lifecycle mapping for MavenProject: commons-fileupload:commons-fileupload:1.4 @ D:\yoon_dev\JSPLab\commons-fileupload-1.4\src\META-INF\maven\commons-fileupload\commons-fileupload\pom.xml.
2022-09-01 12:07:59,952 [Worker-29: Building] INFO  o.e.m.c.i.embedder.EclipseLogger - Executing tasks
2022-09-01 12:08:00,029 [Worker-29: Building] INFO  o.e.m.c.i.embedder.EclipseLogger - Executed tasks
2022-09-01 12:08:00,253 [Worker-30: Updating Maven Dependencies] INFO  o.e.m.c.i.l.LifecycleMappingFactory - Using org.eclipse.m2e.jdt.JarLifecycleMapping lifecycle mapping for MavenProject: commons-fileupload:commons-fileupload:1.4 @ D:\yoon_dev\JSPLab\commons-fileupload-1.4\src\META-INF\maven\commons-fileupload\commons-fileupload\pom.xml.
2022-09-01 12:08:00,265 [Worker-29: Building] INFO  o.e.m.c.i.embedder.EclipseLogger - Using 'iso-8859-1' encoding to copy filtered resources.
2022-09-01 12:08:00,265 [Worker-29: Building] INFO  o.e.m.c.i.embedder.EclipseLogger - skip non existing resourceDirectory D:\yoon_dev\JSPLab\commons-fileupload-1.4\src\META-INF\maven\commons-fileupload\commons-fileupload\src\main\resources
2022-09-01 12:08:00,273 [Worker-29: Building] INFO  o.e.m.c.i.embedder.EclipseLogger - Copying 0 resource to META-INF
2022-09-01 12:08:01,094 [Worker-30: Updating Maven Dependencies] INFO  o.e.m.c.i.l.LifecycleMappingFactory - Using org.eclipse.m2e.jdt.JarLifecycleMapping lifecycle mapping for MavenProject: javax.mail:mail:1.4.7 @ D:\yoon_dev\JSPLab\mail-1.4.7\src\META-INF\maven\javax.mail\mail\pom.xml.
2022-09-01 12:08:01,191 [Worker-29: Building] WARN  o.e.m.c.i.embedder.EclipseLogger - Manifest commons-fileupload:commons-fileupload:jar:1.4 : Unused Export-Package instructions: [org.apache.commons.*] 
2022-09-01 12:08:01,192 [Worker-29: Building] WARN  o.e.m.c.i.embedder.EclipseLogger - Manifest commons-fileupload:commons-fileupload:jar:1.4 : No translation found for macro: scmBranch
2022-09-01 12:08:01,192 [Worker-29: Building] WARN  o.e.m.c.i.embedder.EclipseLogger - Manifest commons-fileupload:commons-fileupload:jar:1.4 : No translation found for macro: buildNumber
2022-09-01 12:08:01,196 [Worker-29: Building] INFO  o.e.m.c.i.embedder.EclipseLogger - Using 'iso-8859-1' encoding to copy filtered resources.
2022-09-01 12:08:01,196 [Worker-29: Building] INFO  o.e.m.c.i.embedder.EclipseLogger - skip non existing resourceDirectory D:\yoon_dev\JSPLab\commons-fileupload-1.4\src\META-INF\maven\commons-fileupload\commons-fileupload\src\test\resources
2022-09-01 12:08:01,196 [Worker-29: Building] INFO  o.e.m.c.i.embedder.EclipseLogger - Copying 0 resource to META-INF
2022-09-01 12:08:01,988 [Worker-1: Building] INFO  o.e.m.c.i.embedder.EclipseLogger - Using 'iso-8859-1' encoding to copy filtered resources.
2022-09-01 12:08:01,988 [Worker-1: Building] INFO  o.e.m.c.i.embedder.EclipseLogger - skip non existing resourceDirectory D:\yoon_dev\JSPLab\commons-fileupload-1.4\src\META-INF\maven\commons-fileupload\commons-fileupload\src\main\resources
2022-09-01 12:08:01,995 [Worker-1: Building] INFO  o.e.m.c.i.embedder.EclipseLogger - Copying 0 resource to META-INF
2022-09-01 12:08:02,029 [Worker-1: Building] INFO  o.e.m.c.i.embedder.EclipseLogger - Using 'iso-8859-1' encoding to copy filtered resources.
2022-09-01 12:08:02,029 [Worker-1: Building] INFO  o.e.m.c.i.embedder.EclipseLogger - skip non existing resourceDirectory D:\yoon_dev\JSPLab\commons-fileupload-1.4\src\META-INF\maven\commons-fileupload\commons-fileupload\src\test\resources
2022-09-01 12:08:02,029 [Worker-1: Building] INFO  o.e.m.c.i.embedder.EclipseLogger - Copying 0 resource to META-INF
2022-09-01 12:08:02,691 [Worker-1: Building] INFO  o.e.m.c.i.l.LifecycleMappingFactory - Using org.eclipse.m2e.jdt.JarLifecycleMapping lifecycle mapping for MavenProject: commons-io:commons-io:2.11.0 @ D:\yoon_dev\JSPLab\commons-io-2.11.0\src\META-INF\maven\commons-io\commons-io\pom.xml.
2022-09-01 12:08:02,885 [Worker-1: Building] INFO  o.e.m.c.i.l.LifecycleMappingFactory - Using org.eclipse.m2e.jdt.JarLifecycleMapping lifecycle mapping for MavenProject: commons-fileupload:commons-fileupload:1.4 @ D:\yoon_dev\JSPLab\commons-fileupload-1.4\src\META-INF\maven\commons-fileupload\commons-fileupload\pom.xml.
2022-09-01 12:08:03,541 [Worker-1: Building] INFO  o.e.m.c.i.embedder.EclipseLogger - Enabled default license matchers.
2022-09-01 12:08:03,545 [Worker-1: Building] INFO  o.e.m.c.i.embedder.EclipseLogger - Will parse SCM ignores for exclusions...
2022-09-01 12:08:03,546 [Worker-1: Building] INFO  o.e.m.c.i.embedder.EclipseLogger - Finished adding exclusions from SCM ignore files.
2022-09-01 12:08:03,546 [Worker-1: Building] INFO  o.e.m.c.i.embedder.EclipseLogger - 62 implicit excludes (use -debug for more details).
2022-09-01 12:08:03,546 [Worker-1: Building] INFO  o.e.m.c.i.embedder.EclipseLogger - 12 explicit excludes (use -debug for more details).
2022-09-01 12:08:03,550 [Worker-1: Building] INFO  o.e.m.c.i.embedder.EclipseLogger - 2 resources included (use -debug for more details)
2022-09-01 12:08:03,604 [Worker-1: Building] INFO  o.e.m.c.i.embedder.EclipseLogger - Rat check: Summary over all files. Unapproved: 1, unknown: 1, generated: 0, approved: 1 licenses.
2022-09-01 12:08:03,781 [Worker-1: Building] INFO  o.e.m.c.i.embedder.EclipseLogger - Using 'iso-8859-1' encoding to copy filtered resources.
2022-09-01 12:08:03,782 [Worker-1: Building] INFO  o.e.m.c.i.embedder.EclipseLogger - skip non existing resourceDirectory D:\yoon_dev\JSPLab\commons-io-2.11.0\src\META-INF\maven\commons-io\commons-io\src\main\resources
2022-09-01 12:08:03,782 [Worker-1: Building] INFO  o.e.m.c.i.embedder.EclipseLogger - Copying 0 resource to META-INF
2022-09-01 12:08:04,462 [Worker-1: Building] WARN  o.e.m.c.i.embedder.EclipseLogger - Manifest commons-io:commons-io:jar:2.11.0 : Unused Export-Package instructions: [org.apache.commons.io.*] 
2022-09-01 12:08:04,467 [Worker-1: Building] INFO  o.e.m.c.i.embedder.EclipseLogger - Using 'iso-8859-1' encoding to copy filtered resources.
2022-09-01 12:08:04,467 [Worker-1: Building] INFO  o.e.m.c.i.embedder.EclipseLogger - skip non existing resourceDirectory D:\yoon_dev\JSPLab\commons-io-2.11.0\src\META-INF\maven\commons-io\commons-io\src\test\resources
2022-09-01 12:08:04,468 [Worker-1: Building] INFO  o.e.m.c.i.embedder.EclipseLogger - Copying 0 resource to META-INF
2022-09-01 12:08:05,081 [Worker-30: Building] INFO  o.e.m.c.i.embedder.EclipseLogger - Using 'iso-8859-1' encoding to copy filtered resources.
2022-09-01 12:08:05,081 [Worker-30: Building] INFO  o.e.m.c.i.embedder.EclipseLogger - skip non existing resourceDirectory D:\yoon_dev\JSPLab\commons-fileupload-1.4\src\META-INF\maven\commons-fileupload\commons-fileupload\src\main\resources
2022-09-01 12:08:05,082 [Worker-30: Building] INFO  o.e.m.c.i.embedder.EclipseLogger - Copying 0 resource to META-INF
2022-09-01 12:08:05,089 [Worker-30: Building] INFO  o.e.m.c.i.embedder.EclipseLogger - Using 'iso-8859-1' encoding to copy filtered resources.
2022-09-01 12:08:05,089 [Worker-30: Building] INFO  o.e.m.c.i.embedder.EclipseLogger - skip non existing resourceDirectory D:\yoon_dev\JSPLab\commons-fileupload-1.4\src\META-INF\maven\commons-fileupload\commons-fileupload\src\test\resources
2022-09-01 12:08:05,090 [Worker-30: Building] INFO  o.e.m.c.i.embedder.EclipseLogger - Copying 0 resource to META-INF
2022-09-01 12:08:05,253 [Worker-30: Building] INFO  o.e.m.c.i.l.LifecycleMappingFactory - Using org.eclipse.m2e.jdt.JarLifecycleMapping lifecycle mapping for MavenProject: javax.mail:mail:1.4.7 @ D:\yoon_dev\JSPLab\mail-1.4.7\build\classes\META-INF\maven\javax.mail\mail\pom.xml.
2022-09-01 12:08:05,562 [Worker-30: Building] INFO  o.e.m.c.i.embedder.EclipseLogger - Using 'iso-8859-1' encoding to copy filtered resources.
2022-09-01 12:08:05,562 [Worker-30: Building] INFO  o.e.m.c.i.embedder.EclipseLogger - skip non existing resourceDirectory D:\yoon_dev\JSPLab\mail-1.4.7\build\classes\META-INF\maven\javax.mail\mail\src\main\resources
2022-09-01 12:08:05,563 [Worker-30: Building] INFO  o.e.m.c.i.embedder.EclipseLogger - Using 'iso-8859-1' encoding to copy filtered resources.
2022-09-01 12:08:05,563 [Worker-30: Building] INFO  o.e.m.c.i.embedder.EclipseLogger - skip non existing resourceDirectory D:\yoon_dev\JSPLab\mail-1.4.7\build\classes\META-INF\maven\javax.mail\mail\src\test\resources
2022-09-01 12:08:05,765 [Worker-30: Building] INFO  o.e.m.c.i.embedder.EclipseLogger - Using 'iso-8859-1' encoding to copy filtered resources.
2022-09-01 12:08:05,766 [Worker-30: Building] INFO  o.e.m.c.i.embedder.EclipseLogger - skip non existing resourceDirectory D:\yoon_dev\JSPLab\mail-1.4.7\src\META-INF\maven\javax.mail\mail\src\main\resources
2022-09-01 12:08:05,766 [Worker-30: Building] INFO  o.e.m.c.i.embedder.EclipseLogger - Using 'iso-8859-1' encoding to copy filtered resources.
2022-09-01 12:08:05,766 [Worker-30: Building] INFO  o.e.m.c.i.embedder.EclipseLogger - skip non existing resourceDirectory D:\yoon_dev\JSPLab\mail-1.4.7\src\META-INF\maven\javax.mail\mail\src\test\resources
